<?xml version='1.0' encoding='UTF-8'?>
<testsuite hostname="DESKTOP-KFGN6E2" name="PListTest" tests="2" errors="0" failures="0" skipped="0" time="0.014" timestamp="2024-10-13T18:26:47">
          <properties>
      <property name="java.specification.version" value="23"/><property name="sun.cpu.isalist" value="amd64"/><property name="sun.jnu.encoding" value="GBK"/><property name="java.class.path" value="C:\Users\Arthur\AppData\Roaming\JetBrains\IntelliJIdea2024.2\plugins\Scala\launcher\sbt-launch.jar"/><property name="java.vm.vendor" value="Eclipse Adoptium"/><property name="separate.prod.test.sources.enabled" value="false"/><property name="sun.arch.data.model" value="64"/><property name="user.variant" value=""/><property name="sbt.supershell" value="false"/><property name="jline.shutdownhook" value="false"/><property name="java.vendor.url" value="https://adoptium.net/"/><property name="user.timezone" value="Asia/Shanghai"/><property name="java.vm.specification.version" value="23"/><property name="os.name" value="Windows 10"/><property name="sun.java.launcher" value="SUN_STANDARD"/><property name="user.country" value="CN"/><property name="sun.boot.library.path" value="C:\Users\Arthur\.jdks\temurin-23\bin"/><property name="sun.java.command" value="C:\Users\Arthur\AppData\Roaming\JetBrains\IntelliJIdea2024.2\plugins\Scala\launcher\sbt-launch.jar early(addPluginSbtFile=&quot;&quot;&quot;C:\Users\Arthur\AppData\Local\Temp\idea.sbt&quot;&quot;&quot;) idea-shell"/><property name="jdk.debug" value="release"/><property name="sun.cpu.endian" value="little"/><property name="user.home" value="C:\Users\Arthur"/><property name="user.language" value="zh"/><property name="sun.stderr.encoding" value="UTF-8"/><property name="java.specification.vendor" value="Oracle Corporation"/><property name="sbt.ipcsocket.tmpdir" value="C:\Users\Arthur\AppData\Local\Temp\.sbt98ce671f\ipcsocket"/><property name="swoval.tmpdir" value="C:\Users\Arthur\AppData\Local\Temp\.sbt98ce671f\swoval"/><property name="java.version.date" value="2024-09-17"/><property name="java.home" value="C:\Users\Arthur\.jdks\temurin-23"/><property name="file.separator" value="\"/><property name="java.vm.compressedOopsMode" value="32-bit"/><property name="sun.stdout.encoding" value="UTF-8"/><property name="line.separator" value="
"/><property name="java.vm.specification.vendor" value="Oracle Corporation"/><property name="java.specification.name" value="Java Platform API Specification"/><property name="idea.installation.dir" value="C:\Users\Arthur\AppData\Local\Programs\IntelliJ IDEA Ultimate 2"/><property name="user.script" value=""/><property name="jline.esc.timeout" value="0"/><property name="sun.management.compiler" value="HotSpot 64-Bit Tiered Compilers"/><property name="java.runtime.version" value="23+37"/><property name="user.name" value="Arthur"/><property name="stdout.encoding" value="UTF-8"/><property name="path.separator" value=";"/><property name="os.version" value="10.0"/><property name="jna.nosys" value="true"/><property name="java.runtime.name" value="OpenJDK Runtime Environment"/><property name="sbt.log.noformat" value="true"/><property name="log4j.ignoreTCL" value="true"/><property name="file.encoding" value="UTF-8"/><property name="jnidispatch.path" value="C:\Users\Arthur\AppData\Local\Temp\jna-1969735650\jna15418487061458506233.dll"/><property name="java.vm.name" value="OpenJDK 64-Bit Server VM"/><property name="java.vendor.version" value="Temurin-23+37"/><property name="jna.loaded" value="true"/><property name="java.vendor.url.bug" value="https://github.com/adoptium/adoptium-support/issues"/><property name="java.io.tmpdir" value="C:\Users\Arthur\AppData\Local\Temp\"/><property name="java.version" value="23"/><property name="user.dir" value="C:\ArthurWorkSpace\UniversityDataStructure"/><property name="os.arch" value="amd64"/><property name="java.vm.specification.name" value="Java Virtual Machine Specification"/><property name="grouping.with.qualified.names.enabled" value="true"/><property name="sun.os.patch.level" value=""/><property name="idea.managed" value="true"/><property name="native.encoding" value="GBK"/><property name="java.library.path" value="C:\Users\Arthur\.jdks\temurin-23\bin;C:\Windows\Sun\Java\bin;C:\Windows\system32;C:\Windows;C:\Windows\system32;C:\Windows;C:\Windows\System32\Wbem;C:\Windows\System32\WindowsPowerShell\v1.0\;C:\Windows\System32\OpenSSH\;C:\Program Files (x86)\NVIDIA Corporation\PhysX\Common;C:\Program Files\Git\cmd;C:\Program Files\nodejs\;C:\Program Files\Docker\Docker\resources\bin;C:\Users\Arthur\AppData\Local\Programs\Python\Launcher\;C:\Users\Arthur\AppData\Local\Microsoft\WindowsApps;C:\Users\Arthur\AppData\Local\JetBrains\Toolbox\scripts;C:\Users\Arthur\AppData\Roaming\npm;."/><property name="java.vm.info" value="mixed mode, sharing"/><property name="stderr.encoding" value="UTF-8"/><property name="java.vendor" value="Eclipse Adoptium"/><property name="java.vm.version" value="23+37"/><property name="sun.io.unicode.encoding" value="UnicodeLittle"/><property name="java.class.version" value="67.0"/>
    </properties>
          <testcase classname="PListTest" name="A PList should display properly" time="0.014">
                      
                    </testcase><testcase classname="PListTest" name="A PList should be reversed correctly" time="0.0">
                      
                    </testcase>
          <system-out><![CDATA[]]></system-out>
          <system-err><![CDATA[]]></system-err>
        </testsuite>